18:18:54,59 root INFO a1 Start Listening on 192.168.1.100:5005
18:18:56,2 root INFO Message:
'{
  "MESSAGE_TYPE": 0,
  "THING_ID": "thing_hostname",
  "ADDRESS":"thing_ip_address",
  "PORT":"thing_port",
  "SEC_REQ": 3,
  "THING_SIGNATURE": "E[(THING_ID | ADDRESS | PORT | SEC_REQ),thing private key]"
}'
 From: ('192.168.1.100', 58808)
18:18:56,2 root INFO Available resources: 3/6
18:18:56,2 root INFO Thing aggiunta:
{'ADDRESS': '192.168.1.100', 'PORT': 58808, 'SEC_REQ': 3, 'SESSION_KEY': 'S_K_a1_thing_hostname'}
18:18:56,2 root INFO Nuova thing aggiunta
18:18:56,3 root INFO Try to send:
{'MESSAGE_TYPE': 1, 'AUTH_ID': 'a1', 'A_NONCE': b"\xb6\xfc\xd4\xf0\xda{\x19'*L", 'ACCEPTED': 1, 'SESSION_KEY': 'S_K_a1_thing_hostname'}
 to 192.168.1.100:6666
18:18:56,3 root ERROR Object of type bytes is not JSON serializable
18:18:56,3 root ERROR Error during send, with 192.168.1.100:6666
18:18:59,59 root INFO Working
18:19:04,60 root INFO Working
18:19:09,60 root INFO Working
18:19:14,60 root INFO Working
18:19:19,61 root INFO Working
18:19:24,61 root INFO Working
18:19:29,61 root INFO Working
18:21:41,249 root INFO a1 Start Listening on 192.168.1.100:5005
18:21:44,365 root INFO Message:
'{
  "MESSAGE_TYPE": 0,
  "THING_ID": "thing_hostname",
  "ADDRESS":"thing_ip_address",
  "PORT":"thing_port",
  "SEC_REQ": 3,
  "THING_SIGNATURE": "E[(THING_ID | ADDRESS | PORT | SEC_REQ),thing private key]"
}'
 From: ('192.168.1.100', 53309)
18:21:44,365 root INFO Available resources: 3/6
18:21:44,365 root INFO Thing aggiunta:
{'ADDRESS': '192.168.1.100', 'PORT': 53309, 'SEC_REQ': 3, 'SESSION_KEY': 'S_K_a1_thing_hostname'}
18:21:44,366 root INFO Nuova thing aggiunta
18:21:44,366 root ERROR the JSON object must be str, bytes or bytearray, not dict
18:21:44,366 root ERROR Error during register_to_auth handling, with ('192.168.1.100', 53309)
18:21:46,249 root INFO Working
18:21:51,249 root INFO Working
18:21:56,250 root INFO Working
18:22:01,250 root INFO Working
18:22:06,250 root INFO Working
18:22:11,250 root INFO Working
18:22:16,251 root INFO Working
18:22:21,251 root INFO Working
18:22:26,251 root INFO Working
18:22:31,251 root INFO Working
18:22:36,251 root INFO Working
18:22:41,252 root INFO Working
18:22:46,252 root INFO Working
18:22:51,252 root INFO Working
18:22:56,252 root INFO Working
18:23:01,253 root INFO Working
18:23:06,253 root INFO Working
18:23:11,253 root INFO Working
18:23:16,253 root INFO Working
18:23:21,254 root INFO Working
18:23:26,254 root INFO Working
18:23:31,254 root INFO Working
18:23:36,254 root INFO Working
18:23:41,255 root INFO Working
18:23:46,255 root INFO Working
18:23:51,255 root INFO Working
18:23:56,255 root INFO Working
18:24:01,255 root INFO Working
18:24:06,256 root INFO Working
18:24:13,594 root INFO a1 Start Listening on 192.168.1.100:5005
18:24:16,293 root INFO Message:
'{
  "MESSAGE_TYPE": 0,
  "THING_ID": "thing_hostname",
  "ADDRESS":"thing_ip_address",
  "PORT":"thing_port",
  "SEC_REQ": 3,
  "THING_SIGNATURE": "E[(THING_ID | ADDRESS | PORT | SEC_REQ),thing private key]"
}'
 From: ('192.168.1.100', 54770)
18:24:16,293 root INFO Available resources: 3/6
18:24:16,294 root INFO Thing aggiunta:
{'ADDRESS': '192.168.1.100', 'PORT': 54770, 'SEC_REQ': 3, 'SESSION_KEY': 'S_K_a1_thing_hostname'}
18:24:16,294 root INFO Nuova thing aggiunta
18:24:16,294 root ERROR the JSON object must be str, bytes or bytearray, not dict
18:24:16,294 root ERROR Error during register_response handling, with ('192.168.1.100', 54770)
18:24:18,594 root INFO Working
18:24:23,594 root INFO Working
18:24:28,595 root INFO Working
18:24:33,595 root INFO Working
18:24:38,595 root INFO Working
18:24:43,595 root INFO Working
18:24:48,596 root INFO Working
18:24:53,596 root INFO Working
18:24:58,596 root INFO Working
18:25:03,596 root INFO Working
18:25:08,596 root INFO Working
18:25:13,597 root INFO Working
18:25:18,597 root INFO Working
18:25:23,597 root INFO Working
18:25:28,597 root INFO Working
18:25:33,598 root INFO Working
18:25:38,598 root INFO Working
18:25:43,598 root INFO Working
18:25:48,598 root INFO Working
18:25:53,598 root INFO Working
18:25:58,599 root INFO Working
18:26:03,599 root INFO Working
18:26:08,599 root INFO Working
18:26:13,599 root INFO Working
18:26:18,600 root INFO Working
18:26:23,600 root INFO Working
18:26:28,600 root INFO Working
18:26:33,600 root INFO Working
18:26:37,225 root INFO a1 Start Listening on 192.168.1.100:5005
18:26:39,137 root INFO Message:
'{
  "MESSAGE_TYPE": 0,
  "THING_ID": "thing_hostname",
  "ADDRESS":"thing_ip_address",
  "PORT":"thing_port",
  "SEC_REQ": 3,
  "THING_SIGNATURE": "E[(THING_ID | ADDRESS | PORT | SEC_REQ),thing private key]"
}'
 From: ('192.168.1.100', 38287)
18:26:39,138 root INFO Available resources: 3/6
18:26:39,138 root INFO Thing aggiunta:
{'ADDRESS': '192.168.1.100', 'PORT': 38287, 'SEC_REQ': 3, 'SESSION_KEY': 'S_K_a1_thing_hostname'}
18:26:39,138 root INFO Nuova thing aggiunta
18:26:39,138 root ERROR dump() missing 1 required positional argument: 'fp'
18:26:39,138 root ERROR Error during register_response handling, with ('192.168.1.100', 38287)
18:26:42,226 root INFO Working
18:26:47,226 root INFO Working
18:26:52,227 root INFO Working
18:26:56,710 root INFO a1 Start Listening on 192.168.1.100:5005
18:26:58,565 root INFO Message:
'{
  "MESSAGE_TYPE": 0,
  "THING_ID": "thing_hostname",
  "ADDRESS":"thing_ip_address",
  "PORT":"thing_port",
  "SEC_REQ": 3,
  "THING_SIGNATURE": "E[(THING_ID | ADDRESS | PORT | SEC_REQ),thing private key]"
}'
 From: ('192.168.1.100', 44292)
18:26:58,565 root INFO Available resources: 3/6
18:26:58,566 root INFO Thing aggiunta:
{'ADDRESS': '192.168.1.100', 'PORT': 44292, 'SEC_REQ': 3, 'SESSION_KEY': 'S_K_a1_thing_hostname'}
18:26:58,566 root INFO Nuova thing aggiunta
18:26:58,566 root ERROR Object of type bytes is not JSON serializable
18:26:58,566 root ERROR Error during register_response handling, with ('192.168.1.100', 44292)
18:27:01,711 root INFO Working
18:27:06,711 root INFO Working
18:27:11,712 root INFO Working
